c:\users\home\documents\visual studio 2015\projects\simplesearchengine\simplesearchengine\debug\vc140.pdb
c:\users\home\documents\visual studio 2015\projects\simplesearchengine\simplesearchengine\debug\vc140.idb
c:\users\home\documents\visual studio 2015\projects\simplesearchengine\simplesearchengine\debug\searchmain.obj
c:\users\samsung\documents\visual studio 2015\projects\simplesearchengine\simplesearchengine\debug\vc140.pdb
c:\users\samsung\documents\visual studio 2015\projects\simplesearchengine\simplesearchengine\debug\vc140.idb
c:\users\samsung\documents\visual studio 2015\projects\simplesearchengine\simplesearchengine\debug\searchmain.obj
c:\users\home\documents\visual studio 2015\projects\simplesearchengine\debug\simplesearchengine.ilk
c:\users\home\documents\visual studio 2015\projects\simplesearchengine\debug\simplesearchengine.exe
c:\users\home\documents\visual studio 2015\projects\simplesearchengine\debug\simplesearchengine.pdb
c:\users\samsung\documents\visual studio 2015\projects\simplesearchengine\debug\simplesearchengine.ilk
c:\users\samsung\documents\visual studio 2015\projects\simplesearchengine\debug\simplesearchengine.exe
c:\users\samsung\documents\visual studio 2015\projects\simplesearchengine\debug\simplesearchengine.pdb
c:\users\samsung\documents\visual studio 2015\projects\simplesearchengine\simplesearchengine\debug\vc120.idb
c:\users\samsung\documents\visual studio 2015\projects\simplesearchengine\simplesearchengine\debug\vc120.pdb
c:\users\samsung\documents\visual studio 2015\projects\simplesearchengine\simplesearchengine\debug\simplese.d33c7945.tlog\cl.command.1.tlog
c:\users\samsung\documents\visual studio 2015\projects\simplesearchengine\simplesearchengine\debug\simplese.d33c7945.tlog\cl.read.1.tlog
c:\users\samsung\documents\visual studio 2015\projects\simplesearchengine\simplesearchengine\debug\simplese.d33c7945.tlog\cl.write.1.tlog
c:\users\samsung\documents\visual studio 2015\projects\simplesearchengine\simplesearchengine\debug\simplese.d33c7945.tlog\link.command.1.tlog
c:\users\samsung\documents\visual studio 2015\projects\simplesearchengine\simplesearchengine\debug\simplese.d33c7945.tlog\link.read.1.tlog
c:\users\samsung\documents\visual studio 2015\projects\simplesearchengine\simplesearchengine\debug\simplese.d33c7945.tlog\link.write.1.tlog
